<?xml version="1.0" encoding="UTF-8"?>
<!-- Generated by org.testng.reporters.JUnitReportReporter -->
<testsuite hostname="LAPTOP-GAUPM6CM" failures="0" tests="4" name="testscripts.regression.ValidateLogin" time="46.562" errors="0" timestamp="2023-07-26T11:55:54 IST" skipped="0">
  <testcase classname="testscripts.regression.ValidateLogin" name="validateLoginTest3" time="11.710"/>
  <system-out/>
  <testcase classname="testscripts.regression.ValidateLogin" name="validateLoginTest1" time="10.943"/>
  <system-out/>
  <testcase classname="testscripts.regression.ValidateLogin" name="validateLoginTest2" time="10.609"/>
  <system-out/>
  <testcase classname="testscripts.regression.ValidateLogin" name="validateLoginTest4" time="13.300"/>
  <system-out/>
</testsuite> <!-- testscripts.regression.ValidateLogin -->
