<?xml version="1.0" encoding="UTF-8"?>
<!-- Generated by org.testng.reporters.JUnitReportReporter -->
<testsuite hostname="LAPTOP-GAUPM6CM" failures="0" tests="4" name="testscripts.regression.ValidateLoginUsingDataProviderOrangeHRM" time="81.773" errors="0" timestamp="2023-07-27T11:28:20 IST" skipped="0">
  <testcase classname="testscripts.regression.ValidateLoginUsingDataProviderOrangeHRM" name="validateLoginTest1" time="19.199"/>
  <system-out/>
  <testcase classname="testscripts.regression.ValidateLoginUsingDataProviderOrangeHRM" name="validateLoginTest1" time="20.877"/>
  <system-out/>
  <testcase classname="testscripts.regression.ValidateLoginUsingDataProviderOrangeHRM" name="validateLoginTest1" time="21.677"/>
  <system-out/>
  <testcase classname="testscripts.regression.ValidateLoginUsingDataProviderOrangeHRM" name="validateLoginTest1" time="20.020"/>
  <system-out/>
</testsuite> <!-- testscripts.regression.ValidateLoginUsingDataProviderOrangeHRM -->
