<?xml version="1.0" encoding="UTF-8"?>
<!-- Generated by org.testng.reporters.JUnitReportReporter -->
<testsuite hostname="LAPTOP-GAUPM6CM" failures="0" tests="1" name="testscripts.smoke.ValidateLogoutHybrid" time="21.949" errors="0" timestamp="2023-07-28T11:14:43 IST" skipped="0">
  <testcase classname="testscripts.smoke.ValidateLogoutHybrid" name="validateLogoutTest" time="21.949"/>
  <system-out/>
</testsuite> <!-- testscripts.smoke.ValidateLogoutHybrid -->
