<?xml version="1.0" encoding="UTF-8"?>
<!-- Generated by org.testng.reporters.JUnitReportReporter -->
<testsuite hostname="LAPTOP-GAUPM6CM" failures="0" tests="1" name="testscripts.smoke.ValidateLogin" time="19.275" errors="0" timestamp="2023-07-28T10:58:14 IST" skipped="0">
  <testcase classname="testscripts.smoke.ValidateLogin" name="validateLoginTest" time="19.275"/>
  <system-out/>
</testsuite> <!-- testscripts.smoke.ValidateLogin -->
