<?xml version="1.0" encoding="UTF-8"?>
<!-- Generated by org.testng.reporters.JUnitReportReporter -->
<testsuite hostname="LAPTOP-GAUPM6CM" failures="0" tests="4" name="testscripts.regression.ValidateLoginUsingDataProviderOrangeHRMExcel" time="78.629" errors="0" timestamp="2023-07-27T11:53:36 IST" skipped="0">
  <testcase classname="testscripts.regression.ValidateLoginUsingDataProviderOrangeHRMExcel" name="validateLoginTest1" time="19.391"/>
  <system-out/>
  <testcase classname="testscripts.regression.ValidateLoginUsingDataProviderOrangeHRMExcel" name="validateLoginTest1" time="19.241"/>
  <system-out/>
  <testcase classname="testscripts.regression.ValidateLoginUsingDataProviderOrangeHRMExcel" name="validateLoginTest1" time="18.548"/>
  <system-out/>
  <testcase classname="testscripts.regression.ValidateLoginUsingDataProviderOrangeHRMExcel" name="validateLoginTest1" time="21.449"/>
  <system-out/>
</testsuite> <!-- testscripts.regression.ValidateLoginUsingDataProviderOrangeHRMExcel -->
