<?xml version="1.0" encoding="UTF-8"?>
<!-- Generated by org.testng.reporters.JUnitReportReporter -->
<testsuite hostname="LAPTOP-GAUPM6CM" failures="0" tests="1" name="testscripts.regression.ValidateLoginUsingDataProviderOrangeHRMExcel2" time="17.767" errors="0" timestamp="2023-07-27T12:49:57 IST" skipped="0">
  <testcase classname="testscripts.regression.ValidateLoginUsingDataProviderOrangeHRMExcel2" name="validateLoginTest1" time="17.767"/>
  <system-out/>
</testsuite> <!-- testscripts.regression.ValidateLoginUsingDataProviderOrangeHRMExcel2 -->
