<?xml version="1.0" encoding="UTF-8"?>
<!-- Generated by org.testng.reporters.JUnitReportReporter -->
<testsuite hostname="LAPTOP-GAUPM6CM" failures="0" tests="1" name="testscripts.smoke.ValidateRegistrationDataProvider" time="9.234" errors="0" timestamp="2023-07-28T12:08:11 IST" skipped="0">
  <testcase classname="testscripts.smoke.ValidateRegistrationDataProvider" name="validateRegistrationTest" time="9.234"/>
  <system-out/>
</testsuite> <!-- testscripts.smoke.ValidateRegistrationDataProvider -->
