<?xml version="1.0" encoding="UTF-8"?>
<!-- Generated by org.testng.reporters.JUnitReportReporter -->
<testsuite hostname="LAPTOP-GAUPM6CM" failures="0" tests="1" name="testscripts.smoke.ValidateLogout" time="22.201" errors="0" timestamp="2023-07-28T11:04:13 IST" skipped="0">
  <testcase classname="testscripts.smoke.ValidateLogout" name="validateLogoutTest" time="22.201"/>
  <system-out/>
</testsuite> <!-- testscripts.smoke.ValidateLogout -->
