<?xml version="1.0" encoding="UTF-8"?>
<!-- Generated by org.testng.reporters.JUnitReportReporter -->
<testsuite hostname="LAPTOP-GAUPM6CM" failures="0" tests="4" name="testscripts.regression.ValidateLoginUsingDataProvider" time="45.978" errors="0" timestamp="2023-07-26T11:57:52 IST" skipped="0">
  <testcase classname="testscripts.regression.ValidateLoginUsingDataProvider" name="validateLoginTest1" time="11.994"/>
  <system-out/>
  <testcase classname="testscripts.regression.ValidateLoginUsingDataProvider" name="validateLoginTest1" time="10.542"/>
  <system-out/>
  <testcase classname="testscripts.regression.ValidateLoginUsingDataProvider" name="validateLoginTest1" time="10.023"/>
  <system-out/>
  <testcase classname="testscripts.regression.ValidateLoginUsingDataProvider" name="validateLoginTest1" time="13.419"/>
  <system-out/>
</testsuite> <!-- testscripts.regression.ValidateLoginUsingDataProvider -->
