<?xml version="1.0" encoding="UTF-8"?>
<!-- Generated by org.testng.reporters.JUnitReportReporter -->
<testsuite hostname="LAPTOP-GAUPM6CM" failures="0" tests="1" name="testscripts.smoke.ValidateLogoutHybrid" time="31.793" errors="0" timestamp="2023-08-02T11:48:04 IST" skipped="0">
  <testcase classname="testscripts.smoke.ValidateLogoutHybrid" name="validateLogoutTest" time="31.793"/>
  <system-out/>
</testsuite> <!-- testscripts.smoke.ValidateLogoutHybrid -->
